<?xml version="1.0" encoding="UTF-8"?>
<!-- Generated by org.testng.reporters.JUnitReportReporter -->
<testsuite hostname="DESKTOP-ML28E7P" failures="0" tests="4" name="Print" time="0.054" errors="0" timestamp="2025-04-16T12:22:47 IST" skipped="0">
  <testcase classname="Print" name="mul" time="0.004"/>
  <system-out/>
  <testcase classname="Print" name="add" time="0.041"/>
  <system-out/>
  <testcase classname="Print" name="sub" time="0.004"/>
  <system-out/>
  <testcase classname="Print" name="print" time="0.005"/>
  <system-out/>
</testsuite> <!-- Print -->
